<?xml version="1.0" encoding="UTF-8"?>
<!-- Generated by org.testng.reporters.JUnitReportReporter -->
<testsuite hostname="DESKTOP-L54GKRA" failures="0" tests="3" name="testscripts.Managenews" time="21.228" errors="0" timestamp="2025-05-29T15:24:16 IST" skipped="0">
  <testcase classname="testscripts.Managenews" name="search" time="6.996"/>
  <testcase classname="testscripts.Managenews" name="managenews" time="9.638"/>
  <testcase classname="testscripts.Managenews" name="managenewsdelete" time="4.594"/>
</testsuite> <!-- testscripts.Managenews -->
