<?xml version="1.0" encoding="UTF-8"?>
<!-- Generated by org.testng.reporters.JUnitReportReporter -->
<testsuite hostname="DESKTOP-L54GKRA" failures="0" tests="5" name="testscripts.Logintest" time="100.476" errors="0" timestamp="2025-05-27T12:50:33 IST" skipped="1">
  <testcase classname="testscripts.Logintest" name="validpassincrtusername" time="13.795"/>
  <testcase classname="testscripts.Logintest" name="verifyuserloginwithvalidcreditions" time="19.415"/>
  <testcase classname="testscripts.Logintest" name="verifyuserloginwithvalidcreditions" time="26.885">
    <skipped/>
  </testcase> <!-- verifyuserloginwithvalidcreditions -->
  <testcase classname="testscripts.Logintest" name="invalidpasswordcrctusername" time="26.924"/>
  <testcase classname="testscripts.Logintest" name="validincrctpassincrtusername" time="13.457"/>
</testsuite> <!-- testscripts.Logintest -->
