<?xml version="1.0" encoding="UTF-8"?>
<!-- Generated by org.testng.reporters.JUnitReportReporter -->
<testsuite hostname="DESKTOP-L54GKRA" failures="0" tests="1" name="testscripts.managecontacttest" time="12.706" errors="0" timestamp="2025-05-20T13:02:20 IST" skipped="0">
  <testcase classname="testscripts.managecontacttest" name="contact" time="12.706"/>
</testsuite> <!-- testscripts.managecontacttest -->
