<?xml version="1.0" encoding="UTF-8"?>
<!-- Generated by org.testng.reporters.JUnitReportReporter -->
<testsuite hostname="DESKTOP-L54GKRA" failures="0" tests="4" name="testscripts.Logintest" time="63.895" errors="0" timestamp="2025-05-23T10:36:43 IST" skipped="0">
  <testcase classname="testscripts.Logintest" name="verifyuserloginwithvalidcreditions" time="22.782"/>
  <testcase classname="testscripts.Logintest" name="invalidpasswordcrctusername" time="14.057"/>
  <testcase classname="testscripts.Logintest" name="validpassincrtusername" time="12.451"/>
  <testcase classname="testscripts.Logintest" name="validincrctpassincrtusername" time="14.605"/>
</testsuite> <!-- testscripts.Logintest -->
