<?xml version="1.0" encoding="UTF-8"?>
<!-- Generated by org.testng.reporters.JUnitReportReporter -->
<testsuite hostname="DESKTOP-L54GKRA" failures="0" tests="1" name="testscripts.Managenews" time="10.304" errors="0" timestamp="2025-05-20T14:07:17 IST" skipped="0">
  <testcase classname="testscripts.Managenews" name="search" time="10.304"/>
</testsuite> <!-- testscripts.Managenews -->
