<?xml version="1.0" encoding="UTF-8"?>
<!-- Generated by org.testng.reporters.JUnitReportReporter -->
<testsuite hostname="DESKTOP-L54GKRA" failures="0" tests="1" name="testscripts.Categorytest" time="13.894" errors="0" timestamp="2025-05-29T14:25:58 IST" skipped="0">
  <testcase classname="testscripts.Categorytest" name="categorydetailsadding" time="13.894"/>
</testsuite> <!-- testscripts.Categorytest -->
