<?xml version="1.0" encoding="UTF-8"?>
<!-- Generated by org.testng.reporters.JUnitReportReporter -->
<testsuite hostname="DESKTOP-L54GKRA" failures="0" tests="6" name="testscripts.Logintest" time="99.256" errors="0" timestamp="2025-05-29T13:03:09 IST" skipped="1">
  <testcase classname="testscripts.Logintest" name="invalidpassanduser" time="11.916"/>
  <testcase classname="testscripts.Logintest" name="verifyuserloginwithvalidcreditions" time="30.122"/>
  <testcase classname="testscripts.Logintest" name="invalidpassanduser" time="14.625"/>
  <testcase classname="testscripts.Logintest" name="invalidpassanduser" time="9.023"/>
  <testcase classname="testscripts.Logintest" name="invalidpassanduser" time="17.843"/>
  <testcase classname="testscripts.Logintest" name="verifyuserloginwithvalidcreditions" time="15.727">
    <skipped/>
  </testcase> <!-- verifyuserloginwithvalidcreditions -->
</testsuite> <!-- testscripts.Logintest -->
