<?xml version="1.0" encoding="UTF-8"?>
<!-- Generated by org.testng.reporters.JUnitReportReporter -->
<testsuite hostname="DESKTOP-L54GKRA" failures="0" tests="1" name="testscripts.Foottexttest" time="9.684" errors="0" timestamp="2025-05-20T12:14:15 IST" skipped="0">
  <testcase classname="testscripts.Foottexttest" name="foottext" time="9.684"/>
</testsuite> <!-- testscripts.Foottexttest -->
